<?xml version="1.0" encoding="UTF-8"?>
<testsuite xmlns:xsi="http://www.w3.org/2001/XMLSchema-instance" xsi:noNamespaceSchemaLocation="https://maven.apache.org/surefire/maven-surefire-plugin/xsd/surefire-test-report.xsd" version="3.0.2" name="org.example.newcarre.NewCarreApplicationTests" time="0.041" tests="1" errors="0" skipped="0" failures="0" flakes="0">
  <properties>
[...]
</properties>
  <testcase name="contextLoads" classname="org.example.newcarre.NewCarreApplicationTests" time="0.011">
    <system-out><![CDATA[2026-06-04T16:12:08.841+08:00  INFO 131216 --- [           main] t.c.s.AnnotationConfigContextLoaderUtils : Could not detect default configuration classes for test class [org.example.newcarre.NewCarreApplicationTests]: NewCarreApplicationTests does not declare any static, non-private, non-final, nested classes annotated with @Configuration.
2026-06-04T16:12:08.858+08:00  INFO 131216 --- [           main] .b.t.c.SpringBootTestContextBootstrapper : Found @SpringBootConfiguration org.example.newcarre.NewCarreApplication for test class org.example.newcarre.NewCarreApplicationTests
]]></system-out>
  </testcase>
</testsuite>